<?xml version="1.0" encoding="UTF-8"?>
<!-- Generated by org.testng.reporters.JUnitXMLReporter -->
<testsuite hostname="DESKTOP-L1BUKGG" ignored="0" name="chrometest" tests="2" failures="0" timestamp="16 Sep 2019 04:46:50 GMT" time="33.605" errors="0">
  <testcase name="loginTest" time="8.796" classname="com.nopcommerce.testCases.TC_LoginTest_001"/>
  <testcase name="addNewCustomer" time="11.423" classname="com.nopcommerce.testCases.TC_AddCustomerTest_003"/>
</testsuite> <!-- chrometest -->
